[13-04-22 13:25] [INFO] - Start learning-based inertial-based activity recognition
[13-04-22 13:25] [INFO] - Using imu dataset file: /data/Users/Nati/IMUTL/Datasets/GPS/3_classes_new/GPS_train_set.csv
[13-04-22 13:25] [INFO] - Running with configuration:
	n_freq_print: 20
	n_freq_checkpoint: 10
	n_workers: 4
	device_id: cuda:0
	experiment: description of experiment
	is_data_header: 0
	input_dim: 6
	window_size: 50
	window_shift: 50
	batch_size: 32
	lr: 0.0001
	weight_decay: 0.0001
	eps: 1e-10
	lr_scheduler_step_size: 3
	lr_scheduler_gamma: 0.5
	n_epochs: 10
	use_gps: True
	imu-transformer: {'encode_position': True, 'transformer_dim': 64, 'nhead': 8, 'num_encoder_layers': 6, 'num_decoder_layers': 6, 'dim_feedforward': 128, 'transformer_dropout': 0.1, 'transformer_activation': 'gelu', 'head_activation': 'gelu'}
	imu-cnn: {'dropout': 0.1, 'latent_dim': 64}
	imu-lstm: {'lstm_hidden_dim': 16, 'dropout': 0.1, 'latent_dim': 64}
	imu-resnet: {'fc_dim': 2048, 'dropout': 0.5, 'kernel_size': 3, 'base_plane': 32, 'filter': None, 'downsampling': False, 'zero_init_residual': False}
[13-04-22 13:25] [INFO] - Prepare dataset
[13-04-22 13:25] [INFO] - Found 3 unique classes,
[13-04-22 13:25] [INFO] - Class Walk [id 1] mapped to id 0
[13-04-22 13:25] [INFO] - Class Bike [id 2] mapped to id 1
[13-04-22 13:25] [INFO] - Class Vehicle [id 3] mapped to id 2
[13-04-22 13:25] [INFO] - Number of windows: 75689 (generated from 75689 windows of size 50 with shift 50)
[13-04-22 13:25] [INFO] - Train model: imu-transformer, Trainable params: 218435
[13-04-22 13:25] [INFO] - Data preparation completed
[13-04-22 13:25] [INFO] - Start training
